<?xml version="1.0" encoding="UTF-8"?>
<!-- Generated by org.testng.reporters.JUnitXMLReporter -->
<testsuite ignored="0" hostname="MeghanaPC" failures="1" tests="2" name="Surefire test" time="0.058" errors="0" timestamp="2025-03-28T17:17:53 IST">
  <testcase classname="NaukriAutomate.Naukri_LoginTest" name="Login" time="0.0">
    <failure type="org.testng.TestNGException" message="
Cannot inject @Test annotated Method [Login] with [interface org.openqa.selenium.WebDriver].
For more information on native dependency injection please refer to https://testng.org/#_dependency_injection">
      <![CDATA[org.testng.TestNGException: 
Cannot inject @Test annotated Method [Login] with [interface org.openqa.selenium.WebDriver].
For more information on native dependency injection please refer to https://testng.org/#_dependency_injection
at java.base/java.util.ArrayList.forEach(ArrayList.java:1596)
... Removed 31 stack frames]]>
    </failure>
  </testcase> <!-- Login -->
  <testcase classname="NaukriAutomate.sampleTest" name="Testingtestng1" time="0.003"/>
</testsuite> <!-- Surefire test -->
