<?xml version="1.0" encoding="UTF-8"?>
<!-- Generated by org.testng.reporters.JUnitXMLReporter -->
<testsuite ignored="0" hostname="MeghanaPC" failures="0" tests="6" name="Test" time="0.038" errors="0" timestamp="2023-12-15T21:50:59 IST">
  <testcase classname="McafeeProject.Mercury.VoiceCallTest" name="VC1" time="0.004"/>
  <testcase classname="McafeeProject.Mercury.VoiceCallTest" name="VC2" time="0.001"/>
  <testcase classname="McafeeProject.Mercury.KnowledgeTest" name="KT1" time="0.001"/>
  <testcase classname="McafeeProject.Mercury.KnowledgeTest" name="KT2" time="0.0"/>
  <testcase classname="McafeeProject.Mercury.CaseCreationTest" name="CT1" time="0.001"/>
  <testcase classname="McafeeProject.Mercury.CaseCreationTest" name="CT2" time="0.001"/>
</testsuite> <!-- Test -->
